<?xml version="1.0" encoding="UTF-8"?>
<!-- Generated by org.testng.reporters.JUnitReportReporter -->
<testsuite hostname="DESKTOP-KSSHQOP" failures="0" tests="1" name="driverFactory.AppTest" time="270.024" errors="0" timestamp="2024-04-01T12:56:28 IST" skipped="0">
  <testcase classname="driverFactory.AppTest" name="kickStart" time="270.024"/>
</testsuite> <!-- driverFactory.AppTest -->
